<?xml version="1.0" encoding="utf-8"?>
<test-run id="2" testcasecount="1" result="Passed" total="1" passed="1" failed="0" inconclusive="0" skipped="0" asserts="0" engine-version="3.5.0.0" clr-version="4.0.30319.42000" start-time="2026-07-28 10:39:34Z" end-time="2026-07-28 10:39:34Z" duration="0.0332828">
  <test-suite type="TestSuite" id="1000" name="project" fullname="project" runstate="Runnable" testcasecount="1" result="Passed" start-time="2026-07-28 10:39:34Z" end-time="2026-07-28 10:39:34Z" duration="0.033283" total="1" passed="1" failed="0" inconclusive="0" skipped="0" asserts="0">
    <properties>
      <property name="platform" value="EditMode" />
    </properties>
    <test-suite type="Assembly" id="1003" name="KingletSpike.Tests.dll" fullname="/PROJECT-ROOT/task5-unity/project/Library/ScriptAssemblies/KingletSpike.Tests.dll" runstate="Runnable" testcasecount="1" result="Passed" start-time="2026-07-28 10:39:34Z" end-time="2026-07-28 10:39:34Z" duration="0.023258" total="1" passed="1" failed="0" inconclusive="0" skipped="0" asserts="0">
      <properties>
        <property name="_PID" value="703075" />
        <property name="_APPDOMAIN" value="Unity Child Domain" />
        <property name="platform" value="EditMode" />
        <property name="EditorOnly" value="True" />
      </properties>
      <test-suite type="TestSuite" id="1004" name="KingletSpike" fullname="KingletSpike" runstate="Runnable" testcasecount="1" result="Passed" start-time="2026-07-28 10:39:34Z" end-time="2026-07-28 10:39:34Z" duration="0.022940" total="1" passed="1" failed="0" inconclusive="0" skipped="0" asserts="0">
        <properties />
        <test-suite type="TestSuite" id="1005" name="Tests" fullname="KingletSpike.Tests" runstate="Runnable" testcasecount="1" result="Passed" start-time="2026-07-28 10:39:34Z" end-time="2026-07-28 10:39:34Z" duration="0.022815" total="1" passed="1" failed="0" inconclusive="0" skipped="0" asserts="0">
          <properties />
          <test-suite type="TestFixture" id="1001" name="KingletSpikeTests" fullname="KingletSpike.Tests.KingletSpikeTests" classname="KingletSpike.Tests.KingletSpikeTests" runstate="Runnable" testcasecount="1" result="Passed" start-time="2026-07-28 10:39:34Z" end-time="2026-07-28 10:39:34Z" duration="0.021963" total="1" passed="1" failed="0" inconclusive="0" skipped="0" asserts="0">
            <properties />
            <test-case id="1002" name="ProjectMarkerMatchesPinnedFixture" fullname="KingletSpike.Tests.KingletSpikeTests.ProjectMarkerMatchesPinnedFixture" methodname="ProjectMarkerMatchesPinnedFixture" classname="KingletSpike.Tests.KingletSpikeTests" runstate="Runnable" seed="1304251677" result="Passed" start-time="2026-07-28 10:39:34Z" end-time="2026-07-28 10:39:34Z" duration="0.010390" asserts="0">
              <properties>
                <property name="retryIteration" value="0" />
                <property name="repeatIteration" value="0" />
              </properties>
              <output><![CDATA[<b><color=#2EA3FF>MCP-FOR-UNITY</color></b>: [TestRunnerNoThrottle] Restored Interaction Mode after test run.
Saving results to: /PROJECT-ROOT/task5-unity/raw/same-project-headless-results.xml
]]></output>
            </test-case>
          </test-suite>
        </test-suite>
      </test-suite>
    </test-suite>
  </test-suite>
</test-run>