<?xml version="1.0" encoding="utf-8"?>
<test-run id="2" testcasecount="1" result="Failed(Child)" total="1" passed="0" failed="1" inconclusive="0" skipped="0" asserts="0" engine-version="3.5.0.0" clr-version="4.0.30319.42000" start-time="2026-07-28 10:40:42Z" end-time="2026-07-28 10:40:42Z" duration="0.0393939">
  <test-suite type="TestSuite" id="1000" name="project" fullname="project" runstate="Runnable" testcasecount="1" result="Failed" site="Child" start-time="2026-07-28 10:40:42Z" end-time="2026-07-28 10:40:42Z" duration="0.039394" total="1" passed="0" failed="1" inconclusive="0" skipped="0" asserts="0">
    <properties>
      <property name="platform" value="EditMode" />
    </properties>
    <failure>
      <message><![CDATA[One or more child tests had errors]]></message>
    </failure>
    <test-suite type="Assembly" id="1003" name="KingletSpike.Tests.dll" fullname="/PROJECT-ROOT/task5-fail/project/Library/ScriptAssemblies/KingletSpike.Tests.dll" runstate="Runnable" testcasecount="1" result="Failed" site="Child" start-time="2026-07-28 10:40:42Z" end-time="2026-07-28 10:40:42Z" duration="0.027836" total="1" passed="0" failed="1" inconclusive="0" skipped="0" asserts="0">
      <properties>
        <property name="_PID" value="704281" />
        <property name="_APPDOMAIN" value="Unity Child Domain" />
        <property name="platform" value="EditMode" />
        <property name="EditorOnly" value="True" />
      </properties>
      <failure>
        <message><![CDATA[One or more child tests had errors]]></message>
      </failure>
      <test-suite type="TestSuite" id="1004" name="KingletSpike" fullname="KingletSpike" runstate="Runnable" testcasecount="1" result="Failed" site="Child" start-time="2026-07-28 10:40:42Z" end-time="2026-07-28 10:40:42Z" duration="0.027537" total="1" passed="0" failed="1" inconclusive="0" skipped="0" asserts="0">
        <properties />
        <failure>
          <message><![CDATA[One or more child tests had errors]]></message>
        </failure>
        <test-suite type="TestSuite" id="1005" name="Tests" fullname="KingletSpike.Tests" runstate="Runnable" testcasecount="1" result="Failed" site="Child" start-time="2026-07-28 10:40:42Z" end-time="2026-07-28 10:40:42Z" duration="0.027379" total="1" passed="0" failed="1" inconclusive="0" skipped="0" asserts="0">
          <properties />
          <failure>
            <message><![CDATA[One or more child tests had errors]]></message>
          </failure>
          <test-suite type="TestFixture" id="1001" name="KingletSpikeTests" fullname="KingletSpike.Tests.KingletSpikeTests" classname="KingletSpike.Tests.KingletSpikeTests" runstate="Runnable" testcasecount="1" result="Failed" site="Child" start-time="2026-07-28 10:40:42Z" end-time="2026-07-28 10:40:42Z" duration="0.026406" total="1" passed="0" failed="1" inconclusive="0" skipped="0" asserts="0">
            <properties />
            <failure>
              <message><![CDATA[One or more child tests had errors]]></message>
            </failure>
            <test-case id="1002" name="ProjectMarkerMatchesPinnedFixture" fullname="KingletSpike.Tests.KingletSpikeTests.ProjectMarkerMatchesPinnedFixture" methodname="ProjectMarkerMatchesPinnedFixture" classname="KingletSpike.Tests.KingletSpikeTests" runstate="Runnable" seed="1123028115" result="Failed" start-time="2026-07-28 10:40:42Z" end-time="2026-07-28 10:40:42Z" duration="0.014581" asserts="0">
              <properties>
                <property name="retryIteration" value="0" />
                <property name="repeatIteration" value="0" />
              </properties>
              <failure>
                <message><![CDATA[  Expected string length 18 but was 19. Strings differ at index 0.
  Expected: "deliberately-wrong"
  But was:  "kinglet-unity-probe"
  -----------^
]]></message>
                <stack-trace><![CDATA[at KingletSpike.Tests.KingletSpikeTests.ProjectMarkerMatchesPinnedFixture () [0x00000] in /PROJECT-ROOT/task5-fail/project/Assets/KingletSpike/Tests/Editor/KingletSpikeTests.cs:10
]]></stack-trace>
              </failure>
              <output><![CDATA[<b><color=#2EA3FF>MCP-FOR-UNITY</color></b>: [TestRunnerNoThrottle] Restored Interaction Mode after test run.
Saving results to: /PROJECT-ROOT/task5-fail/raw/same-project-headless-results.xml
]]></output>
            </test-case>
          </test-suite>
        </test-suite>
      </test-suite>
    </test-suite>
  </test-suite>
</test-run>